<?xml version="1.0" encoding="UTF-8"?>
<testsuite xmlns:xsi="http://www.w3.org/2001/XMLSchema-instance" xsi:noNamespaceSchemaLocation="https://maven.apache.org/surefire/maven-surefire-plugin/xsd/surefire-test-report.xsd" name="hello.ApplicationTests" time="6.552" tests="7" errors="0" skipped="0" failures="0">
  <properties>
    <property name="sun.desktop" value="windows"/>
    <property name="awt.toolkit" value="sun.awt.windows.WToolkit"/>
    <property name="file.encoding.pkg" value="sun.io"/>
    <property name="java.specification.version" value="1.8"/>
    <property name="sun.cpu.isalist" value="amd64"/>
    <property name="sun.jnu.encoding" value="Cp1252"/>
    <property name="java.class.path" value="C:\Users\dma\Documents\Master\S02\T-SoftwEng\exercie\services\gs-accessing-mongodb-data-rest\complete\target\test-classes;C:\Users\dma\Documents\Master\S02\T-SoftwEng\exercie\services\gs-accessing-mongodb-data-rest\complete\target\classes;D:\maven-local-repository\org\springframework\boot\spring-boot-starter-data-rest\2.0.1.RELEASE\spring-boot-starter-data-rest-2.0.1.RELEASE.jar;D:\maven-local-repository\org\springframework\boot\spring-boot-starter\2.0.1.RELEASE\spring-boot-starter-2.0.1.RELEASE.jar;D:\maven-local-repository\org\springframework\boot\spring-boot\2.0.1.RELEASE\spring-boot-2.0.1.RELEASE.jar;D:\maven-local-repository\org\springframework\boot\spring-boot-autoconfigure\2.0.1.RELEASE\spring-boot-autoconfigure-2.0.1.RELEASE.jar;D:\maven-local-repository\org\springframework\boot\spring-boot-starter-logging\2.0.1.RELEASE\spring-boot-starter-logging-2.0.1.RELEASE.jar;D:\maven-local-repository\ch\qos\logback\logback-classic\1.2.3\logback-classic-1.2.3.jar;D:\maven-local-repository\ch\qos\logback\logback-core\1.2.3\logback-core-1.2.3.jar;D:\maven-local-repository\org\apache\logging\log4j\log4j-to-slf4j\2.10.0\log4j-to-slf4j-2.10.0.jar;D:\maven-local-repository\org\apache\logging\log4j\log4j-api\2.10.0\log4j-api-2.10.0.jar;D:\maven-local-repository\org\slf4j\jul-to-slf4j\1.7.25\jul-to-slf4j-1.7.25.jar;D:\maven-local-repository\javax\annotation\javax.annotation-api\1.3.2\javax.annotation-api-1.3.2.jar;D:\maven-local-repository\org\yaml\snakeyaml\1.19\snakeyaml-1.19.jar;D:\maven-local-repository\org\springframework\boot\spring-boot-starter-json\2.0.1.RELEASE\spring-boot-starter-json-2.0.1.RELEASE.jar;D:\maven-local-repository\org\springframework\spring-web\5.0.5.RELEASE\spring-web-5.0.5.RELEASE.jar;D:\maven-local-repository\com\fasterxml\jackson\core\jackson-databind\2.9.5\jackson-databind-2.9.5.jar;D:\maven-local-repository\com\fasterxml\jackson\core\jackson-core\2.9.5\jackson-core-2.9.5.jar;D:\maven-local-repository\com\fasterxml\jackson\datatype\jackson-datatype-jdk8\2.9.5\jackson-datatype-jdk8-2.9.5.jar;D:\maven-local-repository\com\fasterxml\jackson\datatype\jackson-datatype-jsr310\2.9.5\jackson-datatype-jsr310-2.9.5.jar;D:\maven-local-repository\com\fasterxml\jackson\module\jackson-module-parameter-names\2.9.5\jackson-module-parameter-names-2.9.5.jar;D:\maven-local-repository\org\springframework\boot\spring-boot-starter-web\2.0.1.RELEASE\spring-boot-starter-web-2.0.1.RELEASE.jar;D:\maven-local-repository\org\springframework\boot\spring-boot-starter-tomcat\2.0.1.RELEASE\spring-boot-starter-tomcat-2.0.1.RELEASE.jar;D:\maven-local-repository\org\apache\tomcat\embed\tomcat-embed-core\8.5.29\tomcat-embed-core-8.5.29.jar;D:\maven-local-repository\org\apache\tomcat\embed\tomcat-embed-el\8.5.29\tomcat-embed-el-8.5.29.jar;D:\maven-local-repository\org\apache\tomcat\embed\tomcat-embed-websocket\8.5.29\tomcat-embed-websocket-8.5.29.jar;D:\maven-local-repository\org\hibernate\validator\hibernate-validator\6.0.9.Final\hibernate-validator-6.0.9.Final.jar;D:\maven-local-repository\javax\validation\validation-api\2.0.1.Final\validation-api-2.0.1.Final.jar;D:\maven-local-repository\org\jboss\logging\jboss-logging\3.3.2.Final\jboss-logging-3.3.2.Final.jar;D:\maven-local-repository\com\fasterxml\classmate\1.3.4\classmate-1.3.4.jar;D:\maven-local-repository\org\springframework\spring-webmvc\5.0.5.RELEASE\spring-webmvc-5.0.5.RELEASE.jar;D:\maven-local-repository\org\springframework\spring-aop\5.0.5.RELEASE\spring-aop-5.0.5.RELEASE.jar;D:\maven-local-repository\org\springframework\data\spring-data-rest-webmvc\3.0.6.RELEASE\spring-data-rest-webmvc-3.0.6.RELEASE.jar;D:\maven-local-repository\org\springframework\data\spring-data-rest-core\3.0.6.RELEASE\spring-data-rest-core-3.0.6.RELEASE.jar;D:\maven-local-repository\org\springframework\hateoas\spring-hateoas\0.24.0.RELEASE\spring-hateoas-0.24.0.RELEASE.jar;D:\maven-local-repository\org\springframework\plugin\spring-plugin-core\1.2.0.RELEASE\spring-plugin-core-1.2.0.RELEASE.jar;D:\maven-local-repository\org\atteo\evo-inflector\1.2.2\evo-inflector-1.2.2.jar;D:\maven-local-repository\com\fasterxml\jackson\core\jackson-annotations\2.9.0\jackson-annotations-2.9.0.jar;D:\maven-local-repository\org\slf4j\slf4j-api\1.7.25\slf4j-api-1.7.25.jar;D:\maven-local-repository\org\springframework\boot\spring-boot-starter-data-mongodb\2.0.1.RELEASE\spring-boot-starter-data-mongodb-2.0.1.RELEASE.jar;D:\maven-local-repository\org\mongodb\mongodb-driver\3.6.3\mongodb-driver-3.6.3.jar;D:\maven-local-repository\org\mongodb\bson\3.6.3\bson-3.6.3.jar;D:\maven-local-repository\org\mongodb\mongodb-driver-core\3.6.3\mongodb-driver-core-3.6.3.jar;D:\maven-local-repository\org\springframework\data\spring-data-mongodb\2.0.6.RELEASE\spring-data-mongodb-2.0.6.RELEASE.jar;D:\maven-local-repository\org\springframework\spring-tx\5.0.5.RELEASE\spring-tx-5.0.5.RELEASE.jar;D:\maven-local-repository\org\springframework\spring-context\5.0.5.RELEASE\spring-context-5.0.5.RELEASE.jar;D:\maven-local-repository\org\springframework\spring-beans\5.0.5.RELEASE\spring-beans-5.0.5.RELEASE.jar;D:\maven-local-repository\org\springframework\spring-expression\5.0.5.RELEASE\spring-expression-5.0.5.RELEASE.jar;D:\maven-local-repository\org\springframework\data\spring-data-commons\2.0.6.RELEASE\spring-data-commons-2.0.6.RELEASE.jar;D:\maven-local-repository\org\springframework\boot\spring-boot-starter-test\2.0.1.RELEASE\spring-boot-starter-test-2.0.1.RELEASE.jar;D:\maven-local-repository\org\springframework\boot\spring-boot-test\2.0.1.RELEASE\spring-boot-test-2.0.1.RELEASE.jar;D:\maven-local-repository\org\springframework\boot\spring-boot-test-autoconfigure\2.0.1.RELEASE\spring-boot-test-autoconfigure-2.0.1.RELEASE.jar;D:\maven-local-repository\com\jayway\jsonpath\json-path\2.4.0\json-path-2.4.0.jar;D:\maven-local-repository\net\minidev\json-smart\2.3\json-smart-2.3.jar;D:\maven-local-repository\net\minidev\accessors-smart\1.2\accessors-smart-1.2.jar;D:\maven-local-repository\org\ow2\asm\asm\5.0.4\asm-5.0.4.jar;D:\maven-local-repository\junit\junit\4.12\junit-4.12.jar;D:\maven-local-repository\org\assertj\assertj-core\3.9.1\assertj-core-3.9.1.jar;D:\maven-local-repository\org\mockito\mockito-core\2.15.0\mockito-core-2.15.0.jar;D:\maven-local-repository\net\bytebuddy\byte-buddy\1.7.11\byte-buddy-1.7.11.jar;D:\maven-local-repository\net\bytebuddy\byte-buddy-agent\1.7.11\byte-buddy-agent-1.7.11.jar;D:\maven-local-repository\org\objenesis\objenesis\2.6\objenesis-2.6.jar;D:\maven-local-repository\org\hamcrest\hamcrest-core\1.3\hamcrest-core-1.3.jar;D:\maven-local-repository\org\hamcrest\hamcrest-library\1.3\hamcrest-library-1.3.jar;D:\maven-local-repository\org\skyscreamer\jsonassert\1.5.0\jsonassert-1.5.0.jar;D:\maven-local-repository\com\vaadin\external\google\android-json\0.0.20131108.vaadin1\android-json-0.0.20131108.vaadin1.jar;D:\maven-local-repository\org\springframework\spring-core\5.0.5.RELEASE\spring-core-5.0.5.RELEASE.jar;D:\maven-local-repository\org\springframework\spring-jcl\5.0.5.RELEASE\spring-jcl-5.0.5.RELEASE.jar;D:\maven-local-repository\org\springframework\spring-test\5.0.5.RELEASE\spring-test-5.0.5.RELEASE.jar;D:\maven-local-repository\org\xmlunit\xmlunit-core\2.5.1\xmlunit-core-2.5.1.jar;"/>
    <property name="java.vm.vendor" value="Oracle Corporation"/>
    <property name="sun.arch.data.model" value="64"/>
    <property name="user.variant" value=""/>
    <property name="java.vendor.url" value="http://java.oracle.com/"/>
    <property name="user.timezone" value=""/>
    <property name="java.vm.specification.version" value="1.8"/>
    <property name="os.name" value="Windows 10"/>
    <property name="user.country" value="CH"/>
    <property name="sun.java.launcher" value="SUN_STANDARD"/>
    <property name="sun.boot.library.path" value="C:\dev\java\jdk1.8.0_144\jre\bin"/>
    <property name="sun.java.command" value="C:\Users\dma\AppData\Local\Temp\surefire3382172155256882231\surefirebooter2957637432770079583.jar C:\Users\dma\AppData\Local\Temp\surefire3382172155256882231 2018-04-12T23-00-28_858-jvmRun1 surefire7865200039069023652tmp surefire_02465203185445770875tmp"/>
    <property name="surefire.test.class.path" value="C:\Users\dma\Documents\Master\S02\T-SoftwEng\exercie\services\gs-accessing-mongodb-data-rest\complete\target\test-classes;C:\Users\dma\Documents\Master\S02\T-SoftwEng\exercie\services\gs-accessing-mongodb-data-rest\complete\target\classes;D:\maven-local-repository\org\springframework\boot\spring-boot-starter-data-rest\2.0.1.RELEASE\spring-boot-starter-data-rest-2.0.1.RELEASE.jar;D:\maven-local-repository\org\springframework\boot\spring-boot-starter\2.0.1.RELEASE\spring-boot-starter-2.0.1.RELEASE.jar;D:\maven-local-repository\org\springframework\boot\spring-boot\2.0.1.RELEASE\spring-boot-2.0.1.RELEASE.jar;D:\maven-local-repository\org\springframework\boot\spring-boot-autoconfigure\2.0.1.RELEASE\spring-boot-autoconfigure-2.0.1.RELEASE.jar;D:\maven-local-repository\org\springframework\boot\spring-boot-starter-logging\2.0.1.RELEASE\spring-boot-starter-logging-2.0.1.RELEASE.jar;D:\maven-local-repository\ch\qos\logback\logback-classic\1.2.3\logback-classic-1.2.3.jar;D:\maven-local-repository\ch\qos\logback\logback-core\1.2.3\logback-core-1.2.3.jar;D:\maven-local-repository\org\apache\logging\log4j\log4j-to-slf4j\2.10.0\log4j-to-slf4j-2.10.0.jar;D:\maven-local-repository\org\apache\logging\log4j\log4j-api\2.10.0\log4j-api-2.10.0.jar;D:\maven-local-repository\org\slf4j\jul-to-slf4j\1.7.25\jul-to-slf4j-1.7.25.jar;D:\maven-local-repository\javax\annotation\javax.annotation-api\1.3.2\javax.annotation-api-1.3.2.jar;D:\maven-local-repository\org\yaml\snakeyaml\1.19\snakeyaml-1.19.jar;D:\maven-local-repository\org\springframework\boot\spring-boot-starter-json\2.0.1.RELEASE\spring-boot-starter-json-2.0.1.RELEASE.jar;D:\maven-local-repository\org\springframework\spring-web\5.0.5.RELEASE\spring-web-5.0.5.RELEASE.jar;D:\maven-local-repository\com\fasterxml\jackson\core\jackson-databind\2.9.5\jackson-databind-2.9.5.jar;D:\maven-local-repository\com\fasterxml\jackson\core\jackson-core\2.9.5\jackson-core-2.9.5.jar;D:\maven-local-repository\com\fasterxml\jackson\datatype\jackson-datatype-jdk8\2.9.5\jackson-datatype-jdk8-2.9.5.jar;D:\maven-local-repository\com\fasterxml\jackson\datatype\jackson-datatype-jsr310\2.9.5\jackson-datatype-jsr310-2.9.5.jar;D:\maven-local-repository\com\fasterxml\jackson\module\jackson-module-parameter-names\2.9.5\jackson-module-parameter-names-2.9.5.jar;D:\maven-local-repository\org\springframework\boot\spring-boot-starter-web\2.0.1.RELEASE\spring-boot-starter-web-2.0.1.RELEASE.jar;D:\maven-local-repository\org\springframework\boot\spring-boot-starter-tomcat\2.0.1.RELEASE\spring-boot-starter-tomcat-2.0.1.RELEASE.jar;D:\maven-local-repository\org\apache\tomcat\embed\tomcat-embed-core\8.5.29\tomcat-embed-core-8.5.29.jar;D:\maven-local-repository\org\apache\tomcat\embed\tomcat-embed-el\8.5.29\tomcat-embed-el-8.5.29.jar;D:\maven-local-repository\org\apache\tomcat\embed\tomcat-embed-websocket\8.5.29\tomcat-embed-websocket-8.5.29.jar;D:\maven-local-repository\org\hibernate\validator\hibernate-validator\6.0.9.Final\hibernate-validator-6.0.9.Final.jar;D:\maven-local-repository\javax\validation\validation-api\2.0.1.Final\validation-api-2.0.1.Final.jar;D:\maven-local-repository\org\jboss\logging\jboss-logging\3.3.2.Final\jboss-logging-3.3.2.Final.jar;D:\maven-local-repository\com\fasterxml\classmate\1.3.4\classmate-1.3.4.jar;D:\maven-local-repository\org\springframework\spring-webmvc\5.0.5.RELEASE\spring-webmvc-5.0.5.RELEASE.jar;D:\maven-local-repository\org\springframework\spring-aop\5.0.5.RELEASE\spring-aop-5.0.5.RELEASE.jar;D:\maven-local-repository\org\springframework\data\spring-data-rest-webmvc\3.0.6.RELEASE\spring-data-rest-webmvc-3.0.6.RELEASE.jar;D:\maven-local-repository\org\springframework\data\spring-data-rest-core\3.0.6.RELEASE\spring-data-rest-core-3.0.6.RELEASE.jar;D:\maven-local-repository\org\springframework\hateoas\spring-hateoas\0.24.0.RELEASE\spring-hateoas-0.24.0.RELEASE.jar;D:\maven-local-repository\org\springframework\plugin\spring-plugin-core\1.2.0.RELEASE\spring-plugin-core-1.2.0.RELEASE.jar;D:\maven-local-repository\org\atteo\evo-inflector\1.2.2\evo-inflector-1.2.2.jar;D:\maven-local-repository\com\fasterxml\jackson\core\jackson-annotations\2.9.0\jackson-annotations-2.9.0.jar;D:\maven-local-repository\org\slf4j\slf4j-api\1.7.25\slf4j-api-1.7.25.jar;D:\maven-local-repository\org\springframework\boot\spring-boot-starter-data-mongodb\2.0.1.RELEASE\spring-boot-starter-data-mongodb-2.0.1.RELEASE.jar;D:\maven-local-repository\org\mongodb\mongodb-driver\3.6.3\mongodb-driver-3.6.3.jar;D:\maven-local-repository\org\mongodb\bson\3.6.3\bson-3.6.3.jar;D:\maven-local-repository\org\mongodb\mongodb-driver-core\3.6.3\mongodb-driver-core-3.6.3.jar;D:\maven-local-repository\org\springframework\data\spring-data-mongodb\2.0.6.RELEASE\spring-data-mongodb-2.0.6.RELEASE.jar;D:\maven-local-repository\org\springframework\spring-tx\5.0.5.RELEASE\spring-tx-5.0.5.RELEASE.jar;D:\maven-local-repository\org\springframework\spring-context\5.0.5.RELEASE\spring-context-5.0.5.RELEASE.jar;D:\maven-local-repository\org\springframework\spring-beans\5.0.5.RELEASE\spring-beans-5.0.5.RELEASE.jar;D:\maven-local-repository\org\springframework\spring-expression\5.0.5.RELEASE\spring-expression-5.0.5.RELEASE.jar;D:\maven-local-repository\org\springframework\data\spring-data-commons\2.0.6.RELEASE\spring-data-commons-2.0.6.RELEASE.jar;D:\maven-local-repository\org\springframework\boot\spring-boot-starter-test\2.0.1.RELEASE\spring-boot-starter-test-2.0.1.RELEASE.jar;D:\maven-local-repository\org\springframework\boot\spring-boot-test\2.0.1.RELEASE\spring-boot-test-2.0.1.RELEASE.jar;D:\maven-local-repository\org\springframework\boot\spring-boot-test-autoconfigure\2.0.1.RELEASE\spring-boot-test-autoconfigure-2.0.1.RELEASE.jar;D:\maven-local-repository\com\jayway\jsonpath\json-path\2.4.0\json-path-2.4.0.jar;D:\maven-local-repository\net\minidev\json-smart\2.3\json-smart-2.3.jar;D:\maven-local-repository\net\minidev\accessors-smart\1.2\accessors-smart-1.2.jar;D:\maven-local-repository\org\ow2\asm\asm\5.0.4\asm-5.0.4.jar;D:\maven-local-repository\junit\junit\4.12\junit-4.12.jar;D:\maven-local-repository\org\assertj\assertj-core\3.9.1\assertj-core-3.9.1.jar;D:\maven-local-repository\org\mockito\mockito-core\2.15.0\mockito-core-2.15.0.jar;D:\maven-local-repository\net\bytebuddy\byte-buddy\1.7.11\byte-buddy-1.7.11.jar;D:\maven-local-repository\net\bytebuddy\byte-buddy-agent\1.7.11\byte-buddy-agent-1.7.11.jar;D:\maven-local-repository\org\objenesis\objenesis\2.6\objenesis-2.6.jar;D:\maven-local-repository\org\hamcrest\hamcrest-core\1.3\hamcrest-core-1.3.jar;D:\maven-local-repository\org\hamcrest\hamcrest-library\1.3\hamcrest-library-1.3.jar;D:\maven-local-repository\org\skyscreamer\jsonassert\1.5.0\jsonassert-1.5.0.jar;D:\maven-local-repository\com\vaadin\external\google\android-json\0.0.20131108.vaadin1\android-json-0.0.20131108.vaadin1.jar;D:\maven-local-repository\org\springframework\spring-core\5.0.5.RELEASE\spring-core-5.0.5.RELEASE.jar;D:\maven-local-repository\org\springframework\spring-jcl\5.0.5.RELEASE\spring-jcl-5.0.5.RELEASE.jar;D:\maven-local-repository\org\springframework\spring-test\5.0.5.RELEASE\spring-test-5.0.5.RELEASE.jar;D:\maven-local-repository\org\xmlunit\xmlunit-core\2.5.1\xmlunit-core-2.5.1.jar;"/>
    <property name="sun.cpu.endian" value="little"/>
    <property name="user.home" value="C:\Users\dma"/>
    <property name="user.language" value="fr"/>
    <property name="java.specification.vendor" value="Oracle Corporation"/>
    <property name="java.home" value="C:\dev\java\jdk1.8.0_144\jre"/>
    <property name="basedir" value="C:\Users\dma\Documents\Master\S02\T-SoftwEng\exercie\services\gs-accessing-mongodb-data-rest\complete"/>
    <property name="file.separator" value="\"/>
    <property name="line.separator" value="&#10;"/>
    <property name="java.vm.specification.vendor" value="Oracle Corporation"/>
    <property name="java.specification.name" value="Java Platform API Specification"/>
    <property name="java.awt.graphicsenv" value="sun.awt.Win32GraphicsEnvironment"/>
    <property name="surefire.real.class.path" value="C:\Users\dma\AppData\Local\Temp\surefire3382172155256882231\surefirebooter2957637432770079583.jar"/>
    <property name="sun.boot.class.path" value="C:\dev\java\jdk1.8.0_144\jre\lib\resources.jar;C:\dev\java\jdk1.8.0_144\jre\lib\rt.jar;C:\dev\java\jdk1.8.0_144\jre\lib\sunrsasign.jar;C:\dev\java\jdk1.8.0_144\jre\lib\jsse.jar;C:\dev\java\jdk1.8.0_144\jre\lib\jce.jar;C:\dev\java\jdk1.8.0_144\jre\lib\charsets.jar;C:\dev\java\jdk1.8.0_144\jre\lib\jfr.jar;C:\dev\java\jdk1.8.0_144\jre\classes"/>
    <property name="user.script" value=""/>
    <property name="sun.management.compiler" value="HotSpot 64-Bit Tiered Compilers"/>
    <property name="java.runtime.version" value="1.8.0_144-b01"/>
    <property name="user.name" value="DMA"/>
    <property name="path.separator" value=";"/>
    <property name="os.version" value="10.0"/>
    <property name="java.endorsed.dirs" value="C:\dev\java\jdk1.8.0_144\jre\lib\endorsed"/>
    <property name="java.runtime.name" value="Java(TM) SE Runtime Environment"/>
    <property name="file.encoding" value="Cp1252"/>
    <property name="java.vm.name" value="Java HotSpot(TM) 64-Bit Server VM"/>
    <property name="localRepository" value="D:\maven-local-repository"/>
    <property name="java.vendor.url.bug" value="http://bugreport.sun.com/bugreport/"/>
    <property name="java.io.tmpdir" value="C:\Users\dma\AppData\Local\Temp\"/>
    <property name="java.version" value="1.8.0_144"/>
    <property name="user.dir" value="C:\Users\dma\Documents\Master\S02\T-SoftwEng\exercie\services\gs-accessing-mongodb-data-rest\complete"/>
    <property name="os.arch" value="amd64"/>
    <property name="java.vm.specification.name" value="Java Virtual Machine Specification"/>
    <property name="java.awt.printerjob" value="sun.awt.windows.WPrinterJob"/>
    <property name="sun.os.patch.level" value=""/>
    <property name="java.library.path" value="C:\dev\java\jdk1.8.0_144\jre\bin;C:\WINDOWS\Sun\Java\bin;C:\WINDOWS\system32;C:\WINDOWS;C:\Program Files\Docker\Docker\Resources\bin;C:\ProgramData\Oracle\Java\javapath;C:\app\ORACLE\product\11.2.0\CLIENT\bin;C:\Program Files (x86)\Intel\iCLS Client\;C:\Program Files\Intel\iCLS Client\;C:\Windows\system32;C:\Windows;C:\Windows\System32\Wbem;C:\Windows\System32\WindowsPowerShell\v1.0\;C:\Program Files (x86)\Intel\Intel(R) Management Engine Components\DAL;C:\Program Files\Intel\Intel(R) Management Engine Components\DAL;C:\Program Files (x86)\Intel\Intel(R) Management Engine Components\IPT;C:\Program Files\Intel\Intel(R) Management Engine Components\IPT;C:\Program Files (x86)\NVIDIA Corporation\PhysX\Common;C:\Program Files\Git\cmd;C:\dev\maven\maven-3.5.0\bin;C:\Program Files\nodejs\;C:\Program Files\PuTTY\;C:\Program Files\TortoiseSVN\bin;C:\WINDOWS\system32;C:\WINDOWS;C:\WINDOWS\System32\Wbem;C:\WINDOWS\System32\WindowsPowerShell\v1.0\;C:\Program Files\nodejs;C:\Users\dma\AppData\Roaming\npm;C:\TDM-GCC-64\bin;C:\dev\java\jdk-9.0.4;C:\TDM-GCC-64\mpich-3.2.1;D:\maven-local-repository\de\isento\pinbox\jdepend\2.9.6-SNAPSHOT\jdepend-2.9.6-SNAPSHOT-jar-with-dependencies.jar;C:\Program Files (x86)\GtkSharp\2.12\bin;C:\Users\dma\AppData\Local\Microsoft\WindowsApps;;."/>
    <property name="java.vm.info" value="mixed mode"/>
    <property name="java.vendor" value="Oracle Corporation"/>
    <property name="java.vm.version" value="25.144-b01"/>
    <property name="java.ext.dirs" value="C:\dev\java\jdk1.8.0_144\jre\lib\ext;C:\WINDOWS\Sun\Java\lib\ext"/>
    <property name="sun.io.unicode.encoding" value="UnicodeLittle"/>
    <property name="java.class.version" value="52.0"/>
  </properties>
  <testcase name="shouldQueryEntity" classname="hello.ApplicationTests" time="0.696"/>
  <testcase name="shouldCreateEntity" classname="hello.ApplicationTests" time="0.018"/>
  <testcase name="shouldUpdateEntity" classname="hello.ApplicationTests" time="0.061"/>
  <testcase name="shouldRetrieveEntity" classname="hello.ApplicationTests" time="0.019"/>
  <testcase name="shouldDeleteEntity" classname="hello.ApplicationTests" time="0.024"/>
  <testcase name="shouldReturnRepositoryIndex" classname="hello.ApplicationTests" time="0.017"/>
  <testcase name="shouldPartiallyUpdateEntity" classname="hello.ApplicationTests" time="0.028"/>
</testsuite>